<?xml version="1.0" encoding="UTF-8"?>
<!-- Generated by org.testng.reporters.JUnitXMLReporter -->
<testsuite hostname="DESKTOP-PHGDJSJ" ignored="0" tests="1" failures="1" timestamp="2022-12-31T17:32:28 EET" time="4.772" errors="0">
  <testcase name="getUserInfo" time="4.67" classname="RestAssuredTestts">
    <failure type="org.json.JSONException" message="JSONObject[&amp;quot;token&amp;quot;] not found.">
      <![CDATA[org.json.JSONException: JSONObject["token"] not found.
at org.json.JSONObject.get(JSONObject.java:570)
at org.json.JSONObject.getString(JSONObject.java:857)
at RestAssuredTestts.loginUserService(RestAssuredTestts.java:42)
at RestAssuredTestts.getUserInfo(RestAssuredTestts.java:50)
at java.util.ArrayList.forEach(ArrayList.java:1257)
at com.intellij.rt.testng.IDEARemoteTestNG.run(IDEARemoteTestNG.java:66)
at com.intellij.rt.testng.RemoteTestNGStarter.main(RemoteTestNGStarter.java:109)
... Removed 24 stack frames]]>
    </failure>
  </testcase> <!-- getUserInfo -->
</testsuite>
